This is pdfTeX, Version 3.141592653-2.6-1.40.22 (TeX Live 2022/dev/Debian) (preloaded format=pdflatex 2025.9.4)  6 SEP 2025 01:30
entering extended mode
 \write18 enabled.
 %&-line parsing enabled.
**\nonstopmode \input{biblioteca.tex}
(./biblioteca.tex (/usr/share/texlive/texmf-dist/tex/latex/base/article.cls
Document Class: article 2021/10/04 v1.4n Standard LaTeX document class
(/usr/share/texlive/texmf-dist/tex/latex/base/size11.clo
File: size11.clo 2021/10/04 v1.4n Standard LaTeX file (size option)
)
\c@part=\count185
\c@section=\count186
\c@subsection=\count187
\c@subsubsection=\count188
\c@paragraph=\count189
\c@subparagraph=\count190
\c@figure=\count191
\c@table=\count192
\abovecaptionskip=\skip47
\belowcaptionskip=\skip48
\bibindent=\dimen138
)
(/usr/share/texlive/texmf-dist/tex/latex/base/fontenc.sty
Package: fontenc 2021/04/29 v2.0v Standard LaTeX package
)
(/usr/share/texlive/texmf-dist/tex/latex/base/inputenc.sty
Package: inputenc 2021/02/14 v1.3d Input encoding file
\inpenc@prehook=\toks16
\inpenc@posthook=\toks17
)
(/usr/share/texlive/texmf-dist/tex/latex/amsfonts/amssymb.sty
Package: amssymb 2013/01/14 v3.01 AMS font symbols

(/usr/share/texlive/texmf-dist/tex/latex/amsfonts/amsfonts.sty
Package: amsfonts 2013/01/14 v3.01 Basic AMSFonts support
\@emptytoks=\toks18
\symAMSa=\mathgroup4
\symAMSb=\mathgroup5
LaTeX Font Info:    Redeclaring math symbol \hbar on input line 98.
LaTeX Font Info:    Overwriting math alphabet `\mathfrak' in version `bold'
(Font)                  U/euf/m/n --> U/euf/b/n on input line 106.
))
(/usr/share/texlive/texmf-dist/tex/latex/amsmath/amsmath.sty
Package: amsmath 2021/10/15 v2.17l AMS math features
\@mathmargin=\skip49

For additional information on amsmath, use the `?' option.
(/usr/share/texlive/texmf-dist/tex/latex/amsmath/amstext.sty
Package: amstext 2021/08/26 v2.01 AMS text

(/usr/share/texlive/texmf-dist/tex/latex/amsmath/amsgen.sty
File: amsgen.sty 1999/11/30 v2.0 generic functions
\@emptytoks=\toks19
\ex@=\dimen139
))
(/usr/share/texlive/texmf-dist/tex/latex/amsmath/amsbsy.sty
Package: amsbsy 1999/11/29 v1.2d Bold Symbols
\pmbraise@=\dimen140
)
(/usr/share/texlive/texmf-dist/tex/latex/amsmath/amsopn.sty
Package: amsopn 2021/08/26 v2.02 operator names
)
\inf@bad=\count193
LaTeX Info: Redefining \frac on input line 234.
\uproot@=\count194
\leftroot@=\count195
LaTeX Info: Redefining \overline on input line 399.
\classnum@=\count196
\DOTSCASE@=\count197
LaTeX Info: Redefining \ldots on input line 496.
LaTeX Info: Redefining \dots on input line 499.
LaTeX Info: Redefining \cdots on input line 620.
\Mathstrutbox@=\box50
\strutbox@=\box51
\big@size=\dimen141
LaTeX Font Info:    Redeclaring font encoding OML on input line 743.
LaTeX Font Info:    Redeclaring font encoding OMS on input line 744.
\macc@depth=\count198
\c@MaxMatrixCols=\count199
\dotsspace@=\muskip16
\c@parentequation=\count266
\dspbrk@lvl=\count267
\tag@help=\toks20
\row@=\count268
\column@=\count269
\maxfields@=\count270
\andhelp@=\toks21
\eqnshift@=\dimen142
\alignsep@=\dimen143
\tagshift@=\dimen144
\tagwidth@=\dimen145
\totwidth@=\dimen146
\lineht@=\dimen147
\@envbody=\toks22
\multlinegap=\skip50
\multlinetaggap=\skip51
\mathdisplay@stack=\toks23
LaTeX Info: Redefining \[ on input line 2938.
LaTeX Info: Redefining \] on input line 2939.
)
(/usr/share/texlive/texmf-dist/tex/generic/babel/babel.sty
Package: babel 2022/01/26 3.70 The Babel package
\babel@savecnt=\count271
\U@D=\dimen148
\l@unhyphenated=\language4

(/usr/share/texlive/texmf-dist/tex/generic/babel/txtbabel.def)
\bbl@readstream=\read2
\bbl@dirlevel=\count272

(/usr/share/texlive/texmf-dist/tex/generic/babel-portuges/brazil.ldf
Language: portuges 2021/07/09 v1.2t Portuguese support from the babel system
Package babel Info: Hyphen rules for 'brazil' set to \l@portuguese
(babel)             (\language3). Reported on input line 111.
Package babel Info: Making " an active character on input line 143.
))
(/usr/share/texlive/texmf-dist/tex/latex/comment/comment.sty
\CommentStream=\write3

Excluding comment 'comment')
(/usr/share/texlive/texmf-dist/tex/latex/datetime/datetime.sty
Package: datetime 2015/03/20 v2.60 Date Time Package

(/usr/share/texlive/texmf-dist/tex/latex/etoolbox/etoolbox.sty
Package: etoolbox 2020/10/05 v2.5k e-TeX tools for LaTeX (JAW)
\etb@tempcnta=\count273
)
(/usr/share/texlive/texmf-dist/tex/latex/fmtcount/fmtcount.sty
Package: fmtcount 2020/01/30 v3.07

(/usr/share/texlive/texmf-dist/tex/latex/base/ifthen.sty
Package: ifthen 2020/11/24 v1.1c Standard LaTeX ifthen package (DPC)
)
(/usr/share/texlive/texmf-dist/tex/latex/xkeyval/xkeyval.sty
Package: xkeyval 2020/11/20 v2.8 package option processing (HA)

(/usr/share/texlive/texmf-dist/tex/generic/xkeyval/xkeyval.tex
(/usr/share/texlive/texmf-dist/tex/generic/xkeyval/xkvutils.tex
\XKV@toks=\toks24
\XKV@tempa@toks=\toks25

(/usr/share/texlive/texmf-dist/tex/generic/xkeyval/keyval.tex))
\XKV@depth=\count274
File: xkeyval.tex 2014/12/03 v2.7a key=value parser (HA)
))
(/usr/share/texlive/texmf-dist/tex/latex/fmtcount/fcprefix.sty
Package: fcprefix 2012/09/28

(/usr/share/texlive/texmf-dist/tex/latex/fmtcount/fcnumparser.sty
Package: fcnumparser 2017/06/15
\fc@digit@counter=\count275
))
\c@padzeroesN=\count276
\fc@tmpcatcode=\count277

(/usr/share/texlive/texmf-dist/tex/latex/fmtcount/fc-portuges.def
File: fc-portuges.def 2017/12/26
)
\@DT@modctr=\count278
\@ordinalctr=\count279
\@orgargctr=\count280
\@strctr=\count281
\@tmpstrctr=\count282
\@DT@loopN=\count283
\@DT@X=\count284
)
(/usr/share/texlive/texmf-dist/tex/latex/datetime/datetime-defaults.sty
Package: datetime-defaults 2013/09/10
)
\@day=\count285
\@month=\count286
\@year=\count287
\c@HOUR=\count288
\c@HOURXII=\count289
\c@MINUTE=\count290
\c@TOHOUR=\count291
\c@TOMINUTE=\count292
\c@SECOND=\count293
\currenthour=\count294
\currentminute=\count295
\currentsecond=\count296
Package datetime Info: No datetime.cfg file found, using default settings on in
put line 308.
\@dtctr=\count297
\dayofyear=\count298
\dayofweek=\count299
LaTeX Info: Redefining \today on input line 736.
\dt@a=\toks26
\dt@b=\toks27
)
(/usr/share/texlive/texmf-dist/tex/latex/hyperref/hyperref.sty
Package: hyperref 2021-06-07 v7.00m Hypertext links for LaTeX

(/usr/share/texlive/texmf-dist/tex/generic/ltxcmds/ltxcmds.sty
Package: ltxcmds 2020-05-10 v1.25 LaTeX kernel commands for general use (HO)
)
(/usr/share/texlive/texmf-dist/tex/generic/iftex/iftex.sty
Package: iftex 2020/03/06 v1.0d TeX engine tests
)
(/usr/share/texlive/texmf-dist/tex/generic/pdftexcmds/pdftexcmds.sty
Package: pdftexcmds 2020-06-27 v0.33 Utility functions of pdfTeX for LuaTeX (HO
)

(/usr/share/texlive/texmf-dist/tex/generic/infwarerr/infwarerr.sty
Package: infwarerr 2019/12/03 v1.5 Providing info/warning/error messages (HO)
)
Package pdftexcmds Info: \pdf@primitive is available.
Package pdftexcmds Info: \pdf@ifprimitive is available.
Package pdftexcmds Info: \pdfdraftmode found.
)
(/usr/share/texlive/texmf-dist/tex/generic/kvsetkeys/kvsetkeys.sty
Package: kvsetkeys 2019/12/15 v1.18 Key value parser (HO)
)
(/usr/share/texlive/texmf-dist/tex/generic/kvdefinekeys/kvdefinekeys.sty
Package: kvdefinekeys 2019-12-19 v1.6 Define keys (HO)
)
(/usr/share/texlive/texmf-dist/tex/generic/pdfescape/pdfescape.sty
Package: pdfescape 2019/12/09 v1.15 Implements pdfTeX's escape features (HO)
)
(/usr/share/texlive/texmf-dist/tex/latex/hycolor/hycolor.sty
Package: hycolor 2020-01-27 v1.10 Color options for hyperref/bookmark (HO)
)
(/usr/share/texlive/texmf-dist/tex/latex/letltxmacro/letltxmacro.sty
Package: letltxmacro 2019/12/03 v1.6 Let assignment for LaTeX macros (HO)
)
(/usr/share/texlive/texmf-dist/tex/latex/auxhook/auxhook.sty
Package: auxhook 2019-12-17 v1.6 Hooks for auxiliary files (HO)
)
(/usr/share/texlive/texmf-dist/tex/latex/kvoptions/kvoptions.sty
Package: kvoptions 2020-10-07 v3.14 Key value format for package options (HO)
)
\@linkdim=\dimen149
\Hy@linkcounter=\count300
\Hy@pagecounter=\count301

(/usr/share/texlive/texmf-dist/tex/latex/hyperref/pd1enc.def
File: pd1enc.def 2021-06-07 v7.00m Hyperref: PDFDocEncoding definition (HO)
Now handling font encoding PD1 ...
... no UTF-8 mapping file for font encoding PD1
)
(/usr/share/texlive/texmf-dist/tex/latex/hyperref/hyperref-langpatches.def
File: hyperref-langpatches.def 2021-06-07 v7.00m Hyperref: patches for babel la
nguages
)
(/usr/share/texlive/texmf-dist/tex/generic/intcalc/intcalc.sty
Package: intcalc 2019/12/15 v1.3 Expandable calculations with integers (HO)
)
(/usr/share/texlive/texmf-dist/tex/generic/etexcmds/etexcmds.sty
Package: etexcmds 2019/12/15 v1.7 Avoid name clashes with e-TeX commands (HO)
)
\Hy@SavedSpaceFactor=\count302

(/usr/share/texlive/texmf-dist/tex/latex/hyperref/puenc.def
File: puenc.def 2021-06-07 v7.00m Hyperref: PDF Unicode definition (HO)
Now handling font encoding PU ...
... no UTF-8 mapping file for font encoding PU
)
Package hyperref Info: Option `pdfusetitle' set `true' on input line 4073.
Package hyperref Info: Hyper figures OFF on input line 4192.
Package hyperref Info: Link nesting OFF on input line 4197.
Package hyperref Info: Hyper index ON on input line 4200.
Package hyperref Info: Plain pages OFF on input line 4207.
Package hyperref Info: Backreferencing OFF on input line 4212.
Package hyperref Info: Implicit mode ON; LaTeX internals redefined.
Package hyperref Info: Bookmarks ON on input line 4445.
\c@Hy@tempcnt=\count303

(/usr/share/texlive/texmf-dist/tex/latex/url/url.sty
\Urlmuskip=\muskip17
Package: url 2013/09/16  ver 3.4  Verb mode for urls, etc.
)
LaTeX Info: Redefining \url on input line 4804.
\XeTeXLinkMargin=\dimen150

(/usr/share/texlive/texmf-dist/tex/generic/bitset/bitset.sty
Package: bitset 2019/12/09 v1.3 Handle bit-vector datatype (HO)

(/usr/share/texlive/texmf-dist/tex/generic/bigintcalc/bigintcalc.sty
Package: bigintcalc 2019/12/15 v1.5 Expandable calculations on big integers (HO
)
))
\Fld@menulength=\count304
\Field@Width=\dimen151
\Fld@charsize=\dimen152
Package hyperref Info: Hyper figures OFF on input line 6076.
Package hyperref Info: Link nesting OFF on input line 6081.
Package hyperref Info: Hyper index ON on input line 6084.
Package hyperref Info: backreferencing OFF on input line 6091.
Package hyperref Info: Link coloring OFF on input line 6096.
Package hyperref Info: Link coloring with OCG OFF on input line 6101.
Package hyperref Info: PDF/A mode OFF on input line 6106.
LaTeX Info: Redefining \ref on input line 6146.
LaTeX Info: Redefining \pageref on input line 6150.

(/usr/share/texlive/texmf-dist/tex/latex/base/atbegshi-ltx.sty
Package: atbegshi-ltx 2021/01/10 v1.0c Emulation of the original atbegshi
package with kernel methods
)
\Hy@abspage=\count305
\c@Item=\count306
\c@Hfootnote=\count307
)
Package hyperref Info: Driver (autodetected): hpdftex.

(/usr/share/texlive/texmf-dist/tex/latex/hyperref/hpdftex.def
File: hpdftex.def 2021-06-07 v7.00m Hyperref driver for pdfTeX

(/usr/share/texlive/texmf-dist/tex/latex/base/atveryend-ltx.sty
Package: atveryend-ltx 2020/08/19 v1.0a Emulation of the original atveryend pac
kage
with kernel methods
)
\Fld@listcount=\count308
\c@bookmark@seq@number=\count309

(/usr/share/texlive/texmf-dist/tex/latex/rerunfilecheck/rerunfilecheck.sty
Package: rerunfilecheck 2019/12/05 v1.9 Rerun checks for auxiliary files (HO)

(/usr/share/texlive/texmf-dist/tex/generic/uniquecounter/uniquecounter.sty
Package: uniquecounter 2019/12/15 v1.4 Provide unlimited unique counter (HO)
)
Package uniquecounter Info: New unique counter `rerunfilecheck' on input line 2
86.
)
\Hy@SectionHShift=\skip52
)
(/usr/share/texlive/texmf-dist/tex/generic/xypic/xy.sty
(/usr/share/texlive/texmf-dist/tex/generic/xypic/xy.tex Bootstrap'ing:
catcodes, docmode, (/usr/share/texlive/texmf-dist/tex/generic/xypic/xyrecat.tex
) (/usr/share/texlive/texmf-dist/tex/generic/xypic/xyidioms.tex)

 Xy-pic version 3.8.9 <2013/10/06>
 Copyright (c) 1991-2013 by Kristoffer H. Rose <krisrose@tug.org> and others
 Xy-pic is free software: see the User's Guide for details.

Loading kernel: messages; fonts; allocations: state,
\X@c=\dimen153
\Y@c=\dimen154
\U@c=\dimen155
\D@c=\dimen156
\L@c=\dimen157
\R@c=\dimen158
\Edge@c=\toks28
\X@p=\dimen159
\Y@p=\dimen160
\U@p=\dimen161
\D@p=\dimen162
\L@p=\dimen163
\R@p=\dimen164
\Edge@p=\toks29
\X@origin=\dimen165
\Y@origin=\dimen166
\X@xbase=\dimen167
\Y@xbase=\dimen168
\X@ybase=\dimen169
\Y@ybase=\dimen170
\X@min=\dimen171
\Y@min=\dimen172
\X@max=\dimen173
\Y@max=\dimen174
\lastobjectbox@=\box52
\zerodotbox@=\box53
\almostz@=\dimen175
 direction,
\d@X=\dimen176
\d@Y=\dimen177
\K@=\count310
\KK@=\count311
\Direction=\count312
\K@dXdY=\dimen178
\K@dYdX=\dimen179
\xyread@=\read3
\xywrite@=\write4
\csp@=\count313
\quotPTK@=\dimen180

utility macros; pictures: \xy, positions,
\swaptoks@@=\toks30
\connectobjectbox@@=\box54
 objects,
\styletoks@=\toks31
 decorations;
kernel objects: directionals, circles, text; options; algorithms: directions,
edges, connections;  Xy-pic loaded)
(/usr/share/texlive/texmf-dist/tex/generic/iftex/ifpdf.sty
Package: ifpdf 2019/10/25 v3.4 ifpdf legacy package. Use iftex instead.
)
Package: xy 2013/10/06 Xy-pic version 3.8.9

(/usr/share/texlive/texmf-dist/tex/generic/xypic/xyall.tex
 Xy-pic option: All features v.3.8
(/usr/share/texlive/texmf-dist/tex/generic/xypic/xycurve.tex
 Xy-pic option: Curve and Spline extension v.3.12 curve,
\crv@cnt@=\count314
\crvpts@=\toks32
\splinebox@=\box55
\splineval@=\dimen181
\splinedepth@=\dimen182
\splinetol@=\dimen183
\splinelength@=\dimen184
 circles,
\L@=\dimen185
 loaded)
(/usr/share/texlive/texmf-dist/tex/generic/xypic/xyframe.tex
 Xy-pic option: Frame and Bracket extension v.3.14 loaded)
(/usr/share/texlive/texmf-dist/tex/generic/xypic/xycmtip.tex
 Xy-pic option: Computer Modern tip extension v.3.7
(/usr/share/texlive/texmf-dist/tex/generic/xypic/xytips.tex
 Xy-pic option: More Tips extension v.3.11 loaded) loaded)
(/usr/share/texlive/texmf-dist/tex/generic/xypic/xyline.tex
 Xy-pic option: Line styles extension v.3.10
\xylinethick@=\dimen186
 loaded)
(/usr/share/texlive/texmf-dist/tex/generic/xypic/xyrotate.tex
 Xy-pic option: Rotate and Scale extension v.3.8 loaded)
(/usr/share/texlive/texmf-dist/tex/generic/xypic/xycolor.tex
 Xy-pic option: Colour extension v.3.11 loaded)
(/usr/share/texlive/texmf-dist/tex/generic/xypic/xymatrix.tex
 Xy-pic option: Matrix feature v.3.14
\Row=\count315
\Col=\count316
\queue@=\toks33
\queue@@=\toks34
\qcount@=\count317
\qcount@@=\count318
\matrixsize@=\count319
 loaded)
(/usr/share/texlive/texmf-dist/tex/generic/xypic/xyarrow.tex
 Xy-pic option: Arrow and Path feature v.3.9 path, \ar, loaded)
(/usr/share/texlive/texmf-dist/tex/generic/xypic/xygraph.tex
 Xy-pic option: Graph feature v.3.11 loaded) loaded)
(/usr/share/texlive/texmf-dist/tex/generic/xypic/xypdf.tex
 Xy-pic option: PDF driver v.1.7 Xy-pic pdf driver: `color' extension support
(/usr/share/texlive/texmf-dist/tex/generic/xypic/xypdf-co.tex loaded)
Xy-pic pdf driver: `curve' extension support
(/usr/share/texlive/texmf-dist/tex/generic/xypic/xypdf-cu.tex loaded)
Xy-pic pdf driver: `frame' extension support
(/usr/share/texlive/texmf-dist/tex/generic/xypic/xypdf-fr.tex loaded)
Xy-pic pdf driver: `line' extension support
(/usr/share/texlive/texmf-dist/tex/generic/xypic/xypdf-li.tex loaded)
Xy-pic pdf driver: `rotate' extension support
(/usr/share/texlive/texmf-dist/tex/generic/xypic/xypdf-ro.tex loaded) loaded))
(/usr/share/texlive/texmf-dist/tex/latex/graphics/graphicx.sty
Package: graphicx 2021/09/16 v1.2d Enhanced LaTeX Graphics (DPC,SPQR)

(/usr/share/texlive/texmf-dist/tex/latex/graphics/graphics.sty
Package: graphics 2021/03/04 v1.4d Standard LaTeX Graphics (DPC,SPQR)

(/usr/share/texlive/texmf-dist/tex/latex/graphics/trig.sty
Package: trig 2021/08/11 v1.11 sin cos tan (DPC)
)
(/usr/share/texlive/texmf-dist/tex/latex/graphics-cfg/graphics.cfg
File: graphics.cfg 2016/06/04 v1.11 sample graphics configuration
)
Package graphics Info: Driver file: pdftex.def on input line 107.

(/usr/share/texlive/texmf-dist/tex/latex/graphics-def/pdftex.def
File: pdftex.def 2020/10/05 v1.2a Graphics/color driver for pdftex
))
\Gin@req@height=\dimen187
\Gin@req@width=\dimen188
)
(/usr/share/texlive/texmf-dist/tex/latex/geometry/geometry.sty
Package: geometry 2020/01/02 v5.9 Page Geometry

(/usr/share/texlive/texmf-dist/tex/generic/iftex/ifvtex.sty
Package: ifvtex 2019/10/25 v1.7 ifvtex legacy package. Use iftex instead.
)
\Gm@cnth=\count320
\Gm@cntv=\count321
\c@Gm@tempcnt=\count322
\Gm@bindingoffset=\dimen189
\Gm@wd@mp=\dimen190
\Gm@odd@mp=\dimen191
\Gm@even@mp=\dimen192
\Gm@layoutwidth=\dimen193
\Gm@layoutheight=\dimen194
\Gm@layouthoffset=\dimen195
\Gm@layoutvoffset=\dimen196
\Gm@dimlist=\toks35
)
(/usr/share/texlive/texmf-dist/tex/latex/minted/minted.sty
Package: minted 2021/12/24 v2.6 Yet another Pygments shim for LaTeX

(/usr/share/texlive/texmf-dist/tex/latex/fvextra/fvextra.sty
Package: fvextra 2019/02/04 v1.4 fvextra - extensions and patches for fancyvrb

(/usr/share/texlive/texmf-dist/tex/latex/fancyvrb/fancyvrb.sty
Package: fancyvrb 2021/12/21 4.1b verbatim text (tvz,hv)
\FV@CodeLineNo=\count323
\FV@InFile=\read4
\FV@TabBox=\box56
\c@FancyVerbLine=\count324
\FV@StepNumber=\count325
\FV@OutFile=\write5
)
(/usr/share/texlive/texmf-dist/tex/latex/upquote/upquote.sty
Package: upquote 2012/04/19 v1.3 upright-quote and grave-accent glyphs in verba
tim

(/usr/share/texlive/texmf-dist/tex/latex/base/textcomp.sty
Package: textcomp 2020/02/02 v2.0n Standard LaTeX package
))
(/usr/share/texlive/texmf-dist/tex/latex/lineno/lineno.sty
Package: lineno 2005/11/02 line numbers on paragraphs v4.41
\linenopenalty=\count326
\output=\toks36
\linenoprevgraf=\count327
\linenumbersep=\dimen197
\linenumberwidth=\dimen198
\c@linenumber=\count328
\c@pagewiselinenumber=\count329
\c@LN@truepage=\count330
\c@internallinenumber=\count331
\c@internallinenumbers=\count332
\quotelinenumbersep=\dimen199
\bframerule=\dimen256
\bframesep=\dimen257
\bframebox=\box57
LaTeX Info: Redefining \\ on input line 3056.
)
\c@FV@TrueTabGroupLevel=\count333
\c@FV@TrueTabCounter=\count334
\FV@TabBox@Group=\box58
\FV@TmpLength=\skip53
\c@FV@HighlightLinesStart=\count335
\c@FV@HighlightLinesStop=\count336
\FV@LoopCount=\count337
\FV@NCharsBox=\box59
\FV@BreakIndent=\dimen258
\FV@BreakIndentNChars=\count338
\FV@BreakSymbolSepLeft=\dimen259
\FV@BreakSymbolSepLeftNChars=\count339
\FV@BreakSymbolSepRight=\dimen260
\FV@BreakSymbolSepRightNChars=\count340
\FV@BreakSymbolIndentLeft=\dimen261
\FV@BreakSymbolIndentLeftNChars=\count341
\FV@BreakSymbolIndentRight=\dimen262
\FV@BreakSymbolIndentRightNChars=\count342
\c@FancyVerbLineBreakLast=\count343
\FV@LineBox=\box60
\FV@LineIndentBox=\box61
\FV@LineWidth=\dimen263
)
(/usr/share/texlive/texmf-dist/tex/latex/tools/calc.sty
Package: calc 2017/05/25 v4.3 Infix arithmetic (KKT,FJ)
\calc@Acount=\count344
\calc@Bcount=\count345
\calc@Adimen=\dimen264
\calc@Bdimen=\dimen265
\calc@Askip=\skip54
\calc@Bskip=\skip55
LaTeX Info: Redefining \setlength on input line 80.
LaTeX Info: Redefining \addtolength on input line 81.
\calc@Ccount=\count346
\calc@Cskip=\skip56
)
(/usr/share/texlive/texmf-dist/tex/latex/tools/shellesc.sty
Package: shellesc 2019/11/08 v1.0c unified shell escape interface for LaTeX
Package shellesc Info: Unrestricted shell escape enabled on input line 75.
)
(/usr/share/texlive/texmf-dist/tex/latex/ifplatform/ifplatform.sty
Package: ifplatform 2017/10/13 v0.4a Testing for the operating system

(/usr/share/texlive/texmf-dist/tex/generic/catchfile/catchfile.sty
Package: catchfile 2019/12/09 v1.8 Catch the contents of a file (HO)
)
(/usr/share/texlive/texmf-dist/tex/generic/iftex/ifluatex.sty
Package: ifluatex 2019/10/25 v1.5 ifluatex legacy package. Use iftex instead.
)
runsystem(uname -s > "biblioteca.w18")...executed.


(./biblioteca.w18)
runsystem(rm -- "biblioteca.w18")...executed.

)
(/usr/share/texlive/texmf-dist/tex/generic/xstring/xstring.sty
(/usr/share/texlive/texmf-dist/tex/generic/xstring/xstring.tex
\integerpart=\count347
\decimalpart=\count348
)
Package: xstring 2021/07/21 v1.84 String manipulations (CT)
)
(/usr/share/texlive/texmf-dist/tex/latex/framed/framed.sty
Package: framed 2011/10/22 v 0.96: framed or shaded text with page breaks
\OuterFrameSep=\skip57
\fb@frw=\dimen266
\fb@frh=\dimen267
\FrameRule=\dimen268
\FrameSep=\dimen269
)
(/usr/share/texlive/texmf-dist/tex/latex/float/float.sty
Package: float 2001/11/08 v1.3d Float enhancements (AL)
\c@float@type=\count349
\float@exts=\toks37
\float@box=\box62
\@float@everytoks=\toks38
\@floatcapt=\box63
)
\minted@appexistsfile=\read5
\minted@bgbox=\box64
\minted@code=\write6
\c@minted@FancyVerbLineTemp=\count350
\c@minted@pygmentizecounter=\count351
\@float@every@listing=\toks39
\c@listing=\count352
)
runsystem(mkdir -p _minted-biblioteca)...executed.


(/usr/share/texlive/texmf-dist/tex/latex/xcolor/xcolor.sty
Package: xcolor 2021/10/31 v2.13 LaTeX color extensions (UK)

(/usr/share/texlive/texmf-dist/tex/latex/graphics-cfg/color.cfg
File: color.cfg 2016/01/02 v1.6 sample color configuration
)
Package xcolor Info: Driver file: pdftex.def on input line 227.
Package xcolor Info: Model `cmy' substituted by `cmy0' on input line 1352.
Package xcolor Info: Model `hsb' substituted by `rgb' on input line 1356.
Package xcolor Info: Model `RGB' extended on input line 1368.
Package xcolor Info: Model `HTML' substituted by `rgb' on input line 1370.
Package xcolor Info: Model `Hsb' substituted by `hsb' on input line 1371.
Package xcolor Info: Model `tHsb' substituted by `hsb' on input line 1372.
Package xcolor Info: Model `HSB' substituted by `hsb' on input line 1373.
Package xcolor Info: Model `Gray' substituted by `gray' on input line 1374.
Package xcolor Info: Model `wave' substituted by `hsb' on input line 1375.
)
runsystem(which pygmentize && touch biblioteca.aex)...executed.

runsystem(rm biblioteca.aex)...executed.


(/usr/share/texlive/texmf-dist/tex/latex/l3backend/l3backend-pdftex.def
File: l3backend-pdftex.def 2022-01-12 L3 backend support: PDF output (pdfTeX)
\l__color_backend_stack_int=\count353
\l__pdf_internal_box=\box65
)
(./biblioteca.aux)
\openout1 = `biblioteca.aux'.

LaTeX Font Info:    Checking defaults for OML/cmm/m/it on input line 38.
LaTeX Font Info:    ... okay on input line 38.
LaTeX Font Info:    Checking defaults for OMS/cmsy/m/n on input line 38.
LaTeX Font Info:    ... okay on input line 38.
LaTeX Font Info:    Checking defaults for OT1/cmr/m/n on input line 38.
LaTeX Font Info:    ... okay on input line 38.
LaTeX Font Info:    Checking defaults for T1/cmr/m/n on input line 38.
LaTeX Font Info:    ... okay on input line 38.
LaTeX Font Info:    Checking defaults for TS1/cmr/m/n on input line 38.
LaTeX Font Info:    ... okay on input line 38.
LaTeX Font Info:    Checking defaults for OMX/cmex/m/n on input line 38.
LaTeX Font Info:    ... okay on input line 38.
LaTeX Font Info:    Checking defaults for U/cmr/m/n on input line 38.
LaTeX Font Info:    ... okay on input line 38.
LaTeX Font Info:    Checking defaults for PD1/pdf/m/n on input line 38.
LaTeX Font Info:    ... okay on input line 38.
LaTeX Font Info:    Checking defaults for PU/pdf/m/n on input line 38.
LaTeX Font Info:    ... okay on input line 38.
Package hyperref Info: Link coloring OFF on input line 38.

(/usr/share/texlive/texmf-dist/tex/latex/hyperref/nameref.sty
Package: nameref 2021-04-02 v2.47 Cross-referencing by name of section

(/usr/share/texlive/texmf-dist/tex/latex/refcount/refcount.sty
Package: refcount 2019/12/15 v3.6 Data extraction from label references (HO)
)
(/usr/share/texlive/texmf-dist/tex/generic/gettitlestring/gettitlestring.sty
Package: gettitlestring 2019/12/15 v1.6 Cleanup title references (HO)
)
\c@section@level=\count354
)
LaTeX Info: Redefining \ref on input line 38.
LaTeX Info: Redefining \pageref on input line 38.
LaTeX Info: Redefining \nameref on input line 38.

(./biblioteca.out) (./biblioteca.out)
\@outlinefile=\write7
\openout7 = `biblioteca.out'.

LaTeX Font Info:    Trying to load font information for U+msa on input line 38.


(/usr/share/texlive/texmf-dist/tex/latex/amsfonts/umsa.fd
File: umsa.fd 2013/01/14 v3.01 AMS symbols A
)
LaTeX Font Info:    Trying to load font information for U+msb on input line 38.


(/usr/share/texlive/texmf-dist/tex/latex/amsfonts/umsb.fd
File: umsb.fd 2013/01/14 v3.01 AMS symbols B
)
Package xypdf Info: Line width: 0.43799pt on input line 38.

(/usr/share/texlive/texmf-dist/tex/context/base/mkii/supp-pdf.mkii
[Loading MPS to PDF converter (version 2006.09.02).]
\scratchcounter=\count355
\scratchdimen=\dimen270
\scratchbox=\box66
\nofMPsegments=\count356
\nofMParguments=\count357
\everyMPshowfont=\toks40
\MPscratchCnt=\count358
\MPscratchDim=\dimen271
\MPnumerator=\count359
\makeMPintoPDFobject=\count360
\everyMPtoPDFconversion=\toks41
) (/usr/share/texlive/texmf-dist/tex/latex/epstopdf-pkg/epstopdf-base.sty
Package: epstopdf-base 2020-01-24 v2.11 Base part for package epstopdf
Package epstopdf-base Info: Redefining graphics rule for `.eps' on input line 4
85.

(/usr/share/texlive/texmf-dist/tex/latex/latexconfig/epstopdf-sys.cfg
File: epstopdf-sys.cfg 2010/07/13 v1.3 Configuration of (r)epstopdf for TeX Liv
e
))
*geometry* driver: auto-detecting
*geometry* detected driver: pdftex
*geometry* verbose mode - [ preamble ] result:
* driver: pdftex
* paper: a4paper
* layout: <same size as paper>
* layoutoffset:(h,v)=(0.0pt,0.0pt)
* modes: landscape twoside 
* h-part:(L,W,R)=(14.22636pt, 816.59412pt, 14.22636pt)
* v-part:(T,H,B)=(28.45274pt, 526.376pt, 42.67912pt)
* \paperwidth=845.04684pt
* \paperheight=597.50787pt
* \textwidth=816.59412pt
* \textheight=526.376pt
* \oddsidemargin=-58.04362pt
* \evensidemargin=-58.04362pt
* \topmargin=-80.81725pt
* \headheight=12.0pt
* \headsep=25.0pt
* \topskip=11.0pt
* \footskip=30.0pt
* \marginparwidth=103.0pt
* \marginparsep=10.0pt
* \columnsep=10.0pt
* \skip\footins=10.0pt plus 4.0pt minus 2.0pt
* \hoffset=0.0pt
* \voffset=0.0pt
* \mag=1000
* \@twocolumnfalse
* \@twosidetrue
* \@mparswitchtrue
* \@reversemarginfalse
* (1in=72.27pt=25.4mm, 1cm=28.453pt)

(./titlepage.tex
<Imagens/projeto.png, id=253, 323.96896pt x 153.26224pt>
File: Imagens/projeto.png Graphic file (type png)
<use Imagens/projeto.png>
Package pdftex.def Info: Imagens/projeto.png  used on input line 6.
(pdftex.def)             Requested size: 256.0748pt x 121.15298pt.
<Imagens/Shadow.png, id=255, 1845.89626pt x 1706.375pt>
File: Imagens/Shadow.png Graphic file (type png)
<use Imagens/Shadow.png>
Package pdftex.def Info: Imagens/Shadow.png  used on input line 7.
(pdftex.def)             Requested size: 199.16928pt x 184.1087pt.


LaTeX Font Warning: Font shape `T1/cmr/m/n' in size <40> not available
(Font)              size <35.83> substituted on input line 9.


LaTeX Font Warning: Font shape `T1/cmr/bx/n' in size <40> not available
(Font)              size <35.83> substituted on input line 9.

[1

{/var/lib/texmf/fonts/map/pdftex/updmap/pdftex.map} <./Imagens/projeto.png> <./
Imagens/Shadow.png>]) (./biblioteca.toc [2

])
\tf@toc=\write8
\openout8 = `biblioteca.toc'.

\openout5 = `biblioteca.pyg'.


(./_minted-biblioteca/perldoc.pygstyle)
(./_minted-biblioteca/0DCF3210B16ACCD04E4127725B72A34256D282E624233EBAC87C446FF
8CFE412.pygtex
LaTeX Font Info:    Trying to load font information for T1+cmtt on input line 1
.
 (/usr/share/texlive/texmf-dist/tex/latex/base/t1cmtt.fd
File: t1cmtt.fd 2019/12/16 v2.5j Standard LaTeX font definitions
)
LaTeX Font Info:    Font shape `T1/cmtt/bx/n' in size <9> not available
(Font)              Font shape `T1/cmtt/m/n' tried instead on input line 10.
)
\openout5 = `biblioteca.pyg'.


(./_minted-biblioteca/01F94DAAD86206720D41B9FCBC4BE05B56D282E624233EBAC87C446FF
8CFE412.pygtex [3]
Underfull \vbox (badness 10000) has occurred while \output is active []


Underfull \vbox (badness 10000) has occurred while \output is active []

 [4]
Underfull \vbox (badness 10000) has occurred while \output is active []


Underfull \vbox (badness 10000) has occurred while \output is active []

 [5]
Underfull \vbox (badness 10000) has occurred while \output is active []


Underfull \vbox (badness 10000) has occurred while \output is active []

 [6]
Underfull \vbox (badness 10000) has occurred while \output is active []

)
\openout5 = `biblioteca.pyg'.


(./_minted-biblioteca/B713D412965E4923A7DE85BD8ACDA22756D282E624233EBAC87C446FF
8CFE412.pygtex [7]
Underfull \vbox (badness 10000) has occurred while \output is active []


Underfull \vbox (badness 10000) has occurred while \output is active []

 [8]
Underfull \vbox (badness 10000) has occurred while \output is active []


Underfull \vbox (badness 10000) has occurred while \output is active []

 [9])
\openout5 = `biblioteca.pyg'.


(./_minted-biblioteca/E1DE907F008C4E78CEEC591FB30DDE5756D282E624233EBAC87C446FF
8CFE412.pygtex)
\openout5 = `biblioteca.pyg'.


(./_minted-biblioteca/61D8D3F463C3C6F84A4D22A44C7349E756D282E624233EBAC87C446FF
8CFE412.pygtex [10])
\openout5 = `biblioteca.pyg'.


(./_minted-biblioteca/FA86E8CD935F41036E5E78F3212938D056D282E624233EBAC87C446FF
8CFE412.pygtex)
\openout5 = `biblioteca.pyg'.


(./_minted-biblioteca/F96E3CED76B209D549850D2CB16909C056D282E624233EBAC87C446FF
8CFE412.pygtex)
\openout5 = `biblioteca.pyg'.


(./_minted-biblioteca/11FEB1CDC1ED2ABCBAB058E4300B9BBE56D282E624233EBAC87C446FF
8CFE412.pygtex [11])
\openout5 = `biblioteca.pyg'.


(./_minted-biblioteca/40C6A83101567F21AE1D471E42FBB84056D282E624233EBAC87C446FF
8CFE412.pygtex
LaTeX Font Info:    Trying to load font information for TS1+cmtt on input line 
12.
 (/usr/share/texlive/texmf-dist/tex/latex/base/ts1cmtt.fd
File: ts1cmtt.fd 2019/12/16 v2.5j Standard LaTeX font definitions
)
Underfull \vbox (badness 10000) has occurred while \output is active []

 [12]
Underfull \vbox (badness 10000) has occurred while \output is active []

)
\openout5 = `biblioteca.pyg'.


(./_minted-biblioteca/E7D0736894B68B478833D03553F3F73C56D282E624233EBAC87C446FF
8CFE412.pygtex [13])
\openout5 = `biblioteca.pyg'.


(./_minted-biblioteca/25EBBD57E38C8EBD6E3DB94C077C152356D282E624233EBAC87C446FF
8CFE412.pygtex)
\openout5 = `biblioteca.pyg'.


(./_minted-biblioteca/71ABD5270CBFE5F706108160A2A51EF356D282E624233EBAC87C446FF
8CFE412.pygtex [14])
\openout5 = `biblioteca.pyg'.


(./_minted-biblioteca/747F7071BBCBF7D2832BF5188562660E56D282E624233EBAC87C446FF
8CFE412.pygtex)
\openout5 = `biblioteca.pyg'.


(./_minted-biblioteca/EBADC6FC9F65CD3DB616F84DD58EF83756D282E624233EBAC87C446FF
8CFE412.pygtex [15])
\openout5 = `biblioteca.pyg'.


(./_minted-biblioteca/73B3FE3C2DE3AAF00ADAEA65B6009B8D56D282E624233EBAC87C446FF
8CFE412.pygtex
Underfull \vbox (badness 10000) has occurred while \output is active []

 [16])
\openout5 = `biblioteca.pyg'.


(./_minted-biblioteca/18086FFD2B6FC6C201C1154DB177DCE956D282E624233EBAC87C446FF
8CFE412.pygtex)
\openout5 = `biblioteca.pyg'.


(./_minted-biblioteca/098F1FB7A75E8576EA9DB5CB00BAAB0B56D282E624233EBAC87C446FF
8CFE412.pygtex
Underfull \vbox (badness 10000) has occurred while \output is active []

 [17])
\openout5 = `biblioteca.pyg'.


(./_minted-biblioteca/5F7EE313851859C465F072D6CEAA782356D282E624233EBAC87C446FF
8CFE412.pygtex
Underfull \vbox (badness 10000) has occurred while \output is active []

 [18])
\openout5 = `biblioteca.pyg'.


(./_minted-biblioteca/D00B1402FA8307BD529B9FCCAA07175656D282E624233EBAC87C446FF
8CFE412.pygtex
Underfull \vbox (badness 10000) has occurred while \output is active []

 [19])
\openout5 = `biblioteca.pyg'.


(./_minted-biblioteca/E590D79CCB68EED9D20121B04CEC71EE56D282E624233EBAC87C446FF
8CFE412.pygtex)
\openout5 = `biblioteca.pyg'.


(./_minted-biblioteca/35833324F9A4ABC66D2CDC9601CB60BE56D282E624233EBAC87C446FF
8CFE412.pygtex [20])
\openout5 = `biblioteca.pyg'.


(./_minted-biblioteca/C871F4F47CE9CD1B3FECE1E87637EC3356D282E624233EBAC87C446FF
8CFE412.pygtex)
\openout5 = `biblioteca.pyg'.


(./_minted-biblioteca/06204DC4B669AB15CBB13ACA6762342056D282E624233EBAC87C446FF
8CFE412.pygtex
Underfull \vbox (badness 10000) has occurred while \output is active []


Underfull \vbox (badness 3428) has occurred while \output is active []

 [21])
\openout5 = `biblioteca.pyg'.


(./_minted-biblioteca/8E6EDCC33CA433C93678B4D0F870B80656D282E624233EBAC87C446FF
8CFE412.pygtex)
\openout5 = `biblioteca.pyg'.


(./_minted-biblioteca/B8508406B6ADA65A8A53B140B3C7C02756D282E624233EBAC87C446FF
8CFE412.pygtex [22])
\openout5 = `biblioteca.pyg'.


(./_minted-biblioteca/01F5562269B27D0038E0D2EC7419067056D282E624233EBAC87C446FF
8CFE412.pygtex
Underfull \vbox (badness 10000) has occurred while \output is active []

)
\openout5 = `biblioteca.pyg'.


(./_minted-biblioteca/DB930415ADF675E47F9BA57D60C762B656D282E624233EBAC87C446FF
8CFE412.pygtex
Underfull \vbox (badness 10000) has occurred while \output is active []

 [23]
Underfull \vbox (badness 3428) has occurred while \output is active []

)
\openout5 = `biblioteca.pyg'.


(./_minted-biblioteca/0A06E5C0F6472DCA1B47BF3E32F508B856D282E624233EBAC87C446FF
8CFE412.pygtex [24])
\openout5 = `biblioteca.pyg'.


(./_minted-biblioteca/439CE8586A997259D676DEB94902903F56D282E624233EBAC87C446FF
8CFE412.pygtex)
\openout5 = `biblioteca.pyg'.


(./_minted-biblioteca/B1CACCE4FB151505724291AE3B138AC456D282E624233EBAC87C446FF
8CFE412.pygtex [25])
\openout5 = `biblioteca.pyg'.


(./_minted-biblioteca/7491CD030BA451B80D0C7B6276C492CE56D282E624233EBAC87C446FF
8CFE412.pygtex)
\openout5 = `biblioteca.pyg'.


(./_minted-biblioteca/250C7274A5E2BD6EC55B3DA34258520C56D282E624233EBAC87C446FF
8CFE412.pygtex)
\openout5 = `biblioteca.pyg'.


(./_minted-biblioteca/2D5030386BDD5BE99066F5184F80449956D282E624233EBAC87C446FF
8CFE412.pygtex [26])
\openout5 = `biblioteca.pyg'.


(./_minted-biblioteca/0F7951DF41D800DFC9710CDA7F1F374B56D282E624233EBAC87C446FF
8CFE412.pygtex)
\openout5 = `biblioteca.pyg'.


(./_minted-biblioteca/FC142CCF44DEFB0CDE6ABE2484EDBF2E56D282E624233EBAC87C446FF
8CFE412.pygtex [27])
\openout5 = `biblioteca.pyg'.


(./_minted-biblioteca/E5BB659F12FD93D81A47DEB9B8A9E6E656D282E624233EBAC87C446FF
8CFE412.pygtex)
\openout5 = `biblioteca.pyg'.


(./_minted-biblioteca/FB19E7EC0EF644325D4370701AEDAEA056D282E624233EBAC87C446FF
8CFE412.pygtex [28])
\openout5 = `biblioteca.pyg'.


(./_minted-biblioteca/7C81B44FFE10D4282738BE968DFC67A556D282E624233EBAC87C446FF
8CFE412.pygtex)
\openout5 = `biblioteca.pyg'.


(./_minted-biblioteca/EA49C5BD1C8F7840C43033BB603C5B1856D282E624233EBAC87C446FF
8CFE412.pygtex)
\openout5 = `biblioteca.pyg'.


(./_minted-biblioteca/E3CC9BD5AC8CFD99DA4E33793A4F75F256D282E624233EBAC87C446FF
8CFE412.pygtex [29])
\openout5 = `biblioteca.pyg'.


(./_minted-biblioteca/B4110AAF78734C85CEC4C63104DA0A0C56D282E624233EBAC87C446FF
8CFE412.pygtex)
\openout5 = `biblioteca.pyg'.


(./_minted-biblioteca/2EAA15564E765F3C155F4399FC5C9B0956D282E624233EBAC87C446FF
8CFE412.pygtex [30])
\openout5 = `biblioteca.pyg'.


(./_minted-biblioteca/D8ECBBABA8361AD7D6F0FAB7BDC6C1A556D282E624233EBAC87C446FF
8CFE412.pygtex)
\openout5 = `biblioteca.pyg'.


(./_minted-biblioteca/3AB8FB7505701AA0D98EBF3683760E6A56D282E624233EBAC87C446FF
8CFE412.pygtex [31])
\openout5 = `biblioteca.pyg'.


(./_minted-biblioteca/AD0B1BF1CC8CA9C5DFEBCD34E853B7A956D282E624233EBAC87C446FF
8CFE412.pygtex)
\openout5 = `biblioteca.pyg'.


(./_minted-biblioteca/B7428673A75C6A2EB429E2D8B4F4F84B56D282E624233EBAC87C446FF
8CFE412.pygtex [32])
\openout5 = `biblioteca.pyg'.


(./_minted-biblioteca/F149E9AF5599BCB5B7C795395CD6257456D282E624233EBAC87C446FF
8CFE412.pygtex)
\openout5 = `biblioteca.pyg'.


(./_minted-biblioteca/069DC85FEC2827D8D3A52081F27150F656D282E624233EBAC87C446FF
8CFE412.pygtex [33]
Underfull \vbox (badness 10000) has occurred while \output is active []

)
\openout5 = `biblioteca.pyg'.


(./_minted-biblioteca/3C73443E9E31210113290362D60F292856D282E624233EBAC87C446FF
8CFE412.pygtex
Underfull \vbox (badness 10000) has occurred while \output is active []

 [34])
\openout5 = `biblioteca.pyg'.


(./_minted-biblioteca/690F4C20122DA612D8EE934DD938438656D282E624233EBAC87C446FF
8CFE412.pygtex
Underfull \vbox (badness 10000) has occurred while \output is active []


Underfull \vbox (badness 3428) has occurred while \output is active []

 [35])
\openout5 = `biblioteca.pyg'.


(./_minted-biblioteca/54BD06E5ED8E33D6B96496D5C25BFED456D282E624233EBAC87C446FF
8CFE412.pygtex)
Underfull \vbox (badness 10000) has occurred while \output is active []

\openout5 = `biblioteca.pyg'.


(./_minted-biblioteca/2DD552FA61B386AEE67A75A7342C10CE56D282E624233EBAC87C446FF
8CFE412.pygtex)
\openout5 = `biblioteca.pyg'.


(./_minted-biblioteca/B7E52A5B2E5FBE0A61F1F7154EC74DED56D282E624233EBAC87C446FF
8CFE412.pygtex [36]
Underfull \vbox (badness 10000) has occurred while \output is active []

)
\openout5 = `biblioteca.pyg'.


(./_minted-biblioteca/9A42B09E61EE4BE00244C8B5A131783A56D282E624233EBAC87C446FF
8CFE412.pygtex) [37] (./biblioteca.aux)

LaTeX Font Warning: Size substitutions with differences
(Font)              up to 4.17pt have occurred.

Package rerunfilecheck Info: File `biblioteca.out' has not changed.
(rerunfilecheck)             Checksum: 1B551287566E590CA456A3C0C291EF7D;6880.
runsystem(rm biblioteca.pyg)...executed.

 ) 
Here is how much of TeX's memory you used:
 19089 strings out of 480227
 329052 string characters out of 5895371
 998150 words of memory out of 5000000
 36424 multiletter control sequences out of 15000+600000
 489268 words of font info for 81 fonts, out of 8000000 for 9000
 16 hyphenation exceptions out of 8191
 79i,10n,84p,3263b,823s stack positions out of 5000i,500n,10000p,200000b,80000s
 </home/enzo/.texlive2021/texmf-var/fonts/pk/ljfour/jknappen/ec/tctt0900.600p
k> </home/enzo/.texlive2021/texmf-var/fonts/pk/ljfour/jknappen/ec/ectt0900.600p
k> </home/enzo/.texlive2021/texmf-var/fonts/pk/ljfour/jknappen/ec/ecbx1200.600p
k> </home/enzo/.texlive2021/texmf-var/fonts/pk/ljfour/jknappen/ec/ecrm1095.600p
k> </home/enzo/.texlive2021/texmf-var/fonts/pk/ljfour/jknappen/ec/ecbx1095.600p
k> </home/enzo/.texlive2021/texmf-var/fonts/pk/ljfour/jknappen/ec/ecbx1440.600p
k> </home/enzo/.texlive2021/texmf-var/fonts/pk/ljfour/jknappen/ec/ecrm2074.600p
k> </home/enzo/.texlive2021/texmf-var/fonts/pk/ljfour/jknappen/ec/ecrm1728.600p
k> </home/enzo/.texlive2021/texmf-var/fonts/pk/ljfour/jknappen/ec/ecbx3583.600p
k> </home/enzo/.texlive2021/texmf-var/fonts/pk/ljfour/jknappen/ec/ecrm2488.600p
k></usr/share/texlive/texmf-dist/fonts/type1/public/amsfonts/cm/cmmi6.pfb></usr
/share/texlive/texmf-dist/fonts/type1/public/amsfonts/cm/cmsy6.pfb>
Output written on biblioteca.pdf (37 pages, 349703 bytes).
PDF statistics:
 931 PDF objects out of 1000 (max. 8388607)
 505 compressed objects within 6 object streams
 101 named destinations out of 1000 (max. 500000)
 507 words of extra memory for PDF output out of 10000 (max. 10000000)

